0 info it worked if it ends with ok
1 verbose cli [ '/usr/local/Cellar/node/6.2.0/bin/node',
1 verbose cli   '/usr/local/bin/npm',
1 verbose cli   'run',
1 verbose cli   'build',
1 verbose cli   '--verbose' ]
2 info using npm@3.10.5
3 info using node@v6.2.0
4 verbose run-script [ 'prebuild', 'build', 'postbuild' ]
5 info lifecycle react-gallery-swiper@0.1.4~prebuild: react-gallery-swiper@0.1.4
6 silly lifecycle react-gallery-swiper@0.1.4~prebuild: no script for prebuild, continuing
7 info lifecycle react-gallery-swiper@0.1.4~build: react-gallery-swiper@0.1.4
8 verbose lifecycle react-gallery-swiper@0.1.4~build: unsafe-perm in lifecycle true
9 verbose lifecycle react-gallery-swiper@0.1.4~build: PATH: /usr/local/lib/node_modules/npm/bin/node-gyp-bin:/Users/sstanley/Sites/github/react-gallery-swiper/node_modules/.bin:/usr/local/Cellar/node/6.2.0/bin:/usr/local/bin:/usr/bin:/bin:/usr/sbin:/sbin:/usr/local/sbin
10 verbose lifecycle react-gallery-swiper@0.1.4~build: CWD: /Users/sstanley/Sites/github/react-gallery-swiper
11 silly lifecycle react-gallery-swiper@0.1.4~build: Args: [ '-c', 'NODE_ENV=production gulp dev' ]
12 silly lifecycle react-gallery-swiper@0.1.4~build: Returned: code: 1  signal: null
13 info lifecycle react-gallery-swiper@0.1.4~build: Failed to exec build script
14 verbose stack Error: react-gallery-swiper@0.1.4 build: `NODE_ENV=production gulp dev`
14 verbose stack Exit status 1
14 verbose stack     at EventEmitter.<anonymous> (/usr/local/lib/node_modules/npm/lib/utils/lifecycle.js:242:16)
14 verbose stack     at emitTwo (events.js:106:13)
14 verbose stack     at EventEmitter.emit (events.js:191:7)
14 verbose stack     at ChildProcess.<anonymous> (/usr/local/lib/node_modules/npm/lib/utils/spawn.js:40:14)
14 verbose stack     at emitTwo (events.js:106:13)
14 verbose stack     at ChildProcess.emit (events.js:191:7)
14 verbose stack     at maybeClose (internal/child_process.js:850:16)
14 verbose stack     at Process.ChildProcess._handle.onexit (internal/child_process.js:215:5)
15 verbose pkgid react-gallery-swiper@0.1.4
16 verbose cwd /Users/sstanley/Sites/github/react-gallery-swiper
17 error Darwin 15.5.0
18 error argv "/usr/local/Cellar/node/6.2.0/bin/node" "/usr/local/bin/npm" "run" "build" "--verbose"
19 error node v6.2.0
20 error npm  v3.10.5
21 error code ELIFECYCLE
22 error react-gallery-swiper@0.1.4 build: `NODE_ENV=production gulp dev`
22 error Exit status 1
23 error Failed at the react-gallery-swiper@0.1.4 build script 'NODE_ENV=production gulp dev'.
23 error Make sure you have the latest version of node.js and npm installed.
23 error If you do, this is most likely a problem with the react-gallery-swiper package,
23 error not with npm itself.
23 error Tell the author that this fails on your system:
23 error     NODE_ENV=production gulp dev
23 error You can get information on how to open an issue for this project with:
23 error     npm bugs react-gallery-swiper
23 error Or if that isn't available, you can get their info via:
23 error     npm owner ls react-gallery-swiper
23 error There is likely additional logging output above.
24 verbose exit [ 1, true ]
